1620123778|/Php_lab_work/mysite2.local/index.php|http://php:81/Php_lab_work/mysite2.local/index.php?id=log
1620123779|/Php_lab_work/mysite2.local/index.php?id=log|http://php:81/Php_lab_work/mysite2.local/index.php
1620123781|/Php_lab_work/mysite2.local/index.php?id=about|http://php:81/Php_lab_work/mysite2.local/index.php?id=log
1620123782|/Php_lab_work/mysite2.local/index.php?id=contact|http://php:81/Php_lab_work/mysite2.local/index.php?id=about
1620123783|/Php_lab_work/mysite2.local/index.php?id=gbook|http://php:81/Php_lab_work/mysite2.local/index.php?id=contact
1620123783|/Php_lab_work/mysite2.local/index.php?id=log|http://php:81/Php_lab_work/mysite2.local/index.php?id=gbook
1620279720|/Php_lab_work/mysite2.local/|http://php:81/Php_lab_work/
1620279725|/Php_lab_work/mysite2.local/|http://php:81/Php_lab_work/
1620279726|/Php_lab_work/mysite2.local/|http://php:81/Php_lab_work/
1620279727|/Php_lab_work/mysite2.local/|http://php:81/Php_lab_work/
1620279728|/Php_lab_work/mysite2.local/|http://php:81/Php_lab_work/
1620279728|/Php_lab_work/mysite2.local/|http://php:81/Php_lab_work/
1620279731|/Php_lab_work/mysite2.local/index.php?id=log|http://php:81/Php_lab_work/mysite2.local/
1620279733|/Php_lab_work/mysite2.local/index.php?id=log|http://php:81/Php_lab_work/mysite2.local/
1620279806|/Php_lab_work/mysite2.local/index.php?id=gbook|http://php:81/Php_lab_work/mysite2.local/index.php?id=log
1620280150|/Php_lab_work/mysite2.local/index.php?id=gbook|http://php:81/Php_lab_work/mysite2.local/index.php?id=log
1620280166|/Php_lab_work/mysite2.local/index.php?id=gbook|http://php:81/Php_lab_work/mysite2.local/index.php?id=log
1620280172|/Php_lab_work/mysite2.local/index.php?id=gbook|http://php:81/Php_lab_work/mysite2.local/index.php?id=gbook1620294085|/Php_lab_work/mysite2.local/index.php?id=log|http://php:81/Php_lab_work/mysite2.local/index.php?id=gbook&del=6
1620294093|/Php_lab_work/mysite2.local/index.php?id=gbook|http://php:81/Php_lab_work/mysite2.local/index.php?id=log
1620294101|/Php_lab_work/mysite2.local/index.php?id=gbook|http://php:81/Php_lab_work/mysite2.local/index.php?id=gbook
1620294119|/Php_lab_work/mysite2.local/index.php?id=gbook|http://php:81/Php_lab_work/mysite2.local/index.php?id=gbook
1620294134|/Php_lab_work/mysite2.local/index.php?id=gbook|http://php:81/Php_lab_work/mysite2.local/index.php?id=gbook
1620294136|/Php_lab_work/mysite2.local/index.php?id=gbook|http://php:81/Php_lab_work/mysite2.local/index.php?id=gbook
1620294136|/Php_lab_work/mysite2.local/index.php?id=gbook|http://php:81/Php_lab_work/mysite2.local/index.php?id=gbook
1620294137|/Php_lab_work/mysite2.local/index.php?id=log|http://php:81/Php_lab_work/mysite2.local/index.php?id=gbook
1620294138|/Php_lab_work/mysite2.local/index.php?id=gbook|http://php:81/Php_lab_work/mysite2.local/index.php?id=log
1620294147|/Php_lab_work/mysite2.local/index.php?id=gbook|http://php:81/Php_lab_work/mysite2.local/index.php?id=gbook
